-------------------------------------------------------------------------------
Test set: ProblemCTest
-------------------------------------------------------------------------------
Tests run: 1, Failures: 1, Errors: 0, Skipped: 0, Time elapsed: 0.006 s <<< FAILURE! - in ProblemCTest
testSolution  Time elapsed: 0 s  <<< FAILURE!
java.lang.AssertionError: Not equals. Expected <5>, actual <>.
	at ProblemCTest.testSolution(ProblemCTest.kt:8)

