-------------------------------------------------------------------------------
Test set: ProblemBTest
-------------------------------------------------------------------------------
Tests run: 1, Failures: 1, Errors: 0, Skipped: 0, Time elapsed: 0.003 s <<< FAILURE! - in ProblemBTest
testSolution  Time elapsed: 0 s  <<< FAILURE!
java.lang.AssertionError: 
Not equals. Expected <abcabca
abcd
ababab
abcdefghijklmnopqrstuvwxyzabcdefgh>, actual <>.
	at ProblemBTest.testSolution(ProblemBTest.kt:8)

