<?xml version="1.0" encoding="UTF-8"?>
<testsuite xmlns:xsi="http://www.w3.org/2001/XMLSchema-instance" xsi:noNamespaceSchemaLocation="https://maven.apache.org/surefire/maven-surefire-plugin/xsd/surefire-test-report.xsd" name="ProblemCTest" time="0.006" tests="1" errors="0" skipped="0" failures="1">
  <properties>
[...]
</properties>
  <testcase name="testSolution" classname="ProblemCTest" time="0">
    <failure message="Not equals. Expected &lt;5&gt;, actual &lt;&gt;." type="java.lang.AssertionError"><![CDATA[java.lang.AssertionError: Not equals. Expected <5>, actual <>.
	at ProblemCTest.testSolution(ProblemCTest.kt:8)
]]></failure>
  </testcase>
</testsuite>